Using pre-set license
Built from '2022.3/staging' branch; Version is '2022.3.10f1 (ff3792e53c62) revision 16725906'; Using compiler version '192829333'; Build Type 'Release'
OS: 'Windows 10  (10.0.19045) 64bit Education' Language: 'lt' Physical Memory: 32596 MB
BatchMode: 1, IsHumanControllingUs: 0, StartBugReporterOnCrash: 0, Is64bit: 1, IsPro: 1

COMMAND LINE ARGUMENTS:
C:\Program Files\Unity\Hub\Editor\2022.3.10f1\Editor\Unity.exe
-adb2
-batchMode
-noUpm
-name
AssetImportWorker13
-projectPath
C:/Users/moksleivis/My project (2)
-logFile
Logs/AssetImportWorker13.log
-srvPort
65081
Successfully changed project path to: C:/Users/moksleivis/My project (2)
C:/Users/moksleivis/My project (2)
[UnityMemory] Configuration Parameters - Can be set up in boot.config
    "memorysetup-bucket-allocator-granularity=16"
    "memorysetup-bucket-allocator-bucket-count=8"
    "memorysetup-bucket-allocator-block-size=33554432"
    "memorysetup-bucket-allocator-block-count=8"
    "memorysetup-main-allocator-block-size=16777216"
    "memorysetup-thread-allocator-block-size=16777216"
    "memorysetup-gfx-main-allocator-block-size=16777216"
    "memorysetup-gfx-thread-allocator-block-size=16777216"
    "memorysetup-cache-allocator-block-size=4194304"
    "memorysetup-typetree-allocator-block-size=2097152"
    "memorysetup-profiler-bucket-allocator-granularity=16"
    "memorysetup-profiler-bucket-allocator-bucket-count=8"
    "memorysetup-profiler-bucket-allocator-block-size=33554432"
    "memorysetup-profiler-bucket-allocator-block-count=8"
    "memorysetup-profiler-allocator-block-size=16777216"
    "memorysetup-profiler-editor-allocator-block-size=1048576"
    "memorysetup-temp-allocator-size-main=16777216"
    "memorysetup-job-temp-allocator-block-size=2097152"
    "memorysetup-job-temp-allocator-block-size-background=1048576"
    "memorysetup-job-temp-allocator-reduction-small-platforms=262144"
    "memorysetup-allocator-temp-initial-block-size-main=262144"
    "memorysetup-allocator-temp-initial-block-size-worker=262144"
    "memorysetup-temp-allocator-size-background-worker=32768"
    "memorysetup-temp-allocator-size-job-worker=262144"
    "memorysetup-temp-allocator-size-preload-manager=33554432"
    "memorysetup-temp-allocator-size-nav-mesh-worker=65536"
    "memorysetup-temp-allocator-size-audio-worker=65536"
    "memorysetup-temp-allocator-size-cloud-worker=32768"
    "memorysetup-temp-allocator-size-gi-baking-worker=262144"
    "memorysetup-temp-allocator-size-gfx=262144"
Player connection [15204] Host "[IP] 172.16.51.61 [Port] 0 [Flags] 2 [Guid] 2831653241 [EditorId] 2831653241 [Version] 1048832 [Id] WindowsEditor(7,Kab108-08) [Debug] 1 [PackageName] WindowsEditor [ProjectName] Editor" joined multi-casting on [225.0.0.222:54997]...

Player connection [15204] Host "[IP] 172.16.51.61 [Port] 0 [Flags] 2 [Guid] 2831653241 [EditorId] 2831653241 [Version] 1048832 [Id] WindowsEditor(7,Kab108-08) [Debug] 1 [PackageName] WindowsEditor [ProjectName] Editor" joined alternative multi-casting on [225.0.0.222:34997]...

[Physics::Module] Initialized MultithreadedJobDispatcher with 15 workers.
Refreshing native plugins compatible for Editor in 13.59 ms, found 3 plugins.
Preloading 0 native plugins for Editor in 0.00 ms.
Initialize engine version: 2022.3.10f1 (ff3792e53c62)
[Subsystems] Discovering subsystems at path C:/Program Files/Unity/Hub/Editor/2022.3.10f1/Editor/Data/Resources/UnitySubsystems
[Subsystems] Discovering subsystems at path C:/Users/moksleivis/My project (2)/Assets
GfxDevice: creating device client; threaded=0; jobified=0
Direct3D:
    Version:  Direct3D 11.0 [level 11.1]
    Renderer: NVIDIA GeForce RTX 2060 (ID=0x1f08)
    Vendor:   NVIDIA
    VRAM:     5968 MB
    Driver:   31.0.15.3619
Initialize mono
Mono path[0] = 'C:/Program Files/Unity/Hub/Editor/2022.3.10f1/Editor/Data/Managed'
Mono path[1] = 'C:/Program Files/Unity/Hub/Editor/2022.3.10f1/Editor/Data/MonoBleedingEdge/lib/mono/unityjit-win32'
Mono config path = 'C:/Program Files/Unity/Hub/Editor/2022.3.10f1/Editor/Data/MonoBleedingEdge/etc'
Using monoOptions --debugger-agent=transport=dt_socket,embedding=1,server=y,suspend=n,address=127.0.0.1:56864
Begin MonoManager ReloadAssembly
Registering precompiled unity dll's ...
Register platform support module: C:/Program Files/Unity/Hub/Editor/2022.3.10f1/Editor/Data/PlaybackEngines/WindowsStandaloneSupport/UnityEditor.WindowsStandalone.Extensions.dll
Registered in 0.009648 seconds.
- Loaded All Assemblies, in  0.322 seconds
Native extension for WindowsStandalone target not found
Mono: successfully reloaded assembly
- Finished resetting the current domain, in  0.222 seconds
Domain Reload Profiling: 543ms
	BeginReloadAssembly (93ms)
		ExecutionOrderSort (0ms)
		DisableScriptedObjects (0ms)
		BackupInstance (0ms)
		ReleaseScriptingObjects (0ms)
		CreateAndSetChildDomain (1ms)
	RebuildCommonClasses (30ms)
	RebuildNativeTypeToScriptingClass (10ms)
	initialDomainReloadingComplete (61ms)
	LoadAllAssembliesAndSetupDomain (127ms)
		LoadAssemblies (91ms)
		RebuildTransferFunctionScriptingTraits (0ms)
		AnalyzeDomain (125ms)
			TypeCache.Refresh (124ms)
				TypeCache.ScanAssembly (113ms)
			ScanForSourceGeneratedMonoScriptInfo (0ms)
			ResolveRequiredComponents (0ms)
	FinalizeReload (223ms)
		ReleaseScriptCaches (0ms)
		RebuildScriptCaches (0ms)
		SetupLoadedEditorAssemblies (170ms)
			LogAssemblyErrors (0ms)
			InitializePlatformSupportModulesInManaged (8ms)
			SetLoadedEditorAssemblies (6ms)
			RefreshPlugins (0ms)
			BeforeProcessingInitializeOnLoad (2ms)
			ProcessInitializeOnLoadAttributes (112ms)
			ProcessInitializeOnLoadMethodAttributes (42ms)
			AfterProcessingInitializeOnLoad (0ms)
			EditorAssembliesLoaded (0ms)
		ExecutionOrderSort2 (0ms)
		AwakeInstancesAfterBackupRestoration (0ms)
========================================================================
Worker process is ready to serve import requests
Begin MonoManager ReloadAssembly
- Loaded All Assemblies, in  0.520 seconds
Refreshing native plugins compatible for Editor in 2.81 ms, found 3 plugins.
Native extension for WindowsStandalone target not found
Package Manager log level set to [2]
[Package Manager] Server::EnsureServerProcessIsRunning -- launch failed, reason: Unity was launched with the -noUpm command-line argument
[Package Manager] UpmClient::Send -- Unable to send message (not connected to UPM process).
[Package Manager] Cannot connect to Unity Package Manager local server
Mono: successfully reloaded assembly
- Finished resetting the current domain, in  0.472 seconds
Domain Reload Profiling: 989ms
	BeginReloadAssembly (127ms)
		ExecutionOrderSort (0ms)
		DisableScriptedObjects (5ms)
		BackupInstance (0ms)
		ReleaseScriptingObjects (0ms)
		CreateAndSetChildDomain (16ms)
	RebuildCommonClasses (30ms)
	RebuildNativeTypeToScriptingClass (10ms)
	initialDomainReloadingComplete (40ms)
	LoadAllAssembliesAndSetupDomain (310ms)
		LoadAssemblies (242ms)
		RebuildTransferFunctionScriptingTraits (0ms)
		AnalyzeDomain (144ms)
			TypeCache.Refresh (127ms)
				TypeCache.ScanAssembly (115ms)
			ScanForSourceGeneratedMonoScriptInfo (12ms)
			ResolveRequiredComponents (4ms)
	FinalizeReload (472ms)
		ReleaseScriptCaches (0ms)
		RebuildScriptCaches (0ms)
		SetupLoadedEditorAssemblies (355ms)
			LogAssemblyErrors (0ms)
			InitializePlatformSupportModulesInManaged (6ms)
			SetLoadedEditorAssemblies (4ms)
			RefreshPlugins (0ms)
			BeforeProcessingInitializeOnLoad (54ms)
			ProcessInitializeOnLoadAttributes (266ms)
			ProcessInitializeOnLoadMethodAttributes (16ms)
			AfterProcessingInitializeOnLoad (9ms)
			EditorAssembliesLoaded (0ms)
		ExecutionOrderSort2 (0ms)
		AwakeInstancesAfterBackupRestoration (5ms)
Launched and connected shader compiler UnityShaderCompiler.exe after 0.04 seconds
Refreshing native plugins compatible for Editor in 3.02 ms, found 3 plugins.
Preloading 0 native plugins for Editor in 0.00 ms.
Unloading 3131 Unused Serialized files (Serialized files now loaded: 0)
Unloading 31 unused Assets / (56.8 KB). Loaded Objects now: 3615.
Memory consumption went from 131.2 MB to 131.2 MB.
Total: 2.767900 ms (FindLiveObjects: 0.208700 ms CreateObjectMapping: 0.103100 ms MarkObjects: 2.379400 ms  DeleteObjects: 0.076200 ms)

AssetImportParameters requested are different than current active one (requested -> active):
  custom:container-demuxer-ogg: 62fdf1f143b41e24485cea50d1cbac27 -> 
  custom:video-decoder-ogg-theora: a1e56fd34408186e4bbccfd4996cb3dc -> 
  custom:framework-win-MediaFoundation: 216162199b28c13a410421893ffa2e32 -> 
  custom:CustomObjectIndexerAttribute: 756ad292c208cfabdd7b50bc23989ffe -> 
  custom:container-demuxer-webm: 4f35f7cbe854078d1ac9338744f61a02 -> 
  custom:container-muxer-webm: aa71ff27fc2769a1b78a27578f13a17b -> 
  custom:video-decoder-webm-vp8: 9c59270c3fd7afecdb556c50c9e8de78 -> 
  custom:SearchIndexIgnoredProperties: e643bd26f0fe6173181afceb89e7c659 -> 
  custom:AudioImporter_EditorPlatform: d09bf68614088b80899f8185d706f6e7 -> 
  custom:scripting/monoscript/fileName/SimpleTextureDrawing.cs: 2132e47487f31ae0f1670288dab9ac05 -> 
  custom:video-encoder-webm-vp8: eb34c28f22e8b96e1ab97ce403110664 -> 
  custom:audio-decoder-ogg-vorbis: bf7c407c2cedff20999df2af8eb42d56 -> 
  custom:audio-encoder-webm-vorbis: bf7c407c2cedff20999df2af8eb42d56 -> 
========================================================================
Received Import Request.
  Time since last request: 117671.118673 seconds.
  path: Assets/MedievalTownExteriors/URP
  artifactKey: Guid(883582db8c448304d9c5eec4a9f00805) Importer(815301076,1909f56bfc062723c751e8b465ee728b)
Start importing Assets/MedievalTownExteriors/URP using Guid(883582db8c448304d9c5eec4a9f00805) Importer(815301076,1909f56bfc062723c751e8b465ee728b)  -> (artifact id: '777d8ea29bf98bb4d95cec77dfa09e36') in 0.003494 seconds
Number of updated asset objects reloaded before import = 0
Number of asset objects unloaded after import = 0
========================================================================
Received Import Request.
  Time since last request: 10.127858 seconds.
  path: Assets/New Terrain.asset
  artifactKey: Guid(0d0648a2fde60ae42bd0605fb06d7879) Importer(815301076,1909f56bfc062723c751e8b465ee728b)
Start importing Assets/New Terrain.asset using Guid(0d0648a2fde60ae42bd0605fb06d7879) Importer(815301076,1909f56bfc062723c751e8b465ee728b) The tree Tree Type0 03 must use the Nature/Soft Occlusion shader. Otherwise billboarding/lighting will not work correctly.
The tree Tree Type2 03 must use the Nature/Soft Occlusion shader. Otherwise billboarding/lighting will not work correctly.
The tree Tree Type2 05 must use the Nature/Soft Occlusion shader. Otherwise billboarding/lighting will not work correctly.
The tree Tree Type4 01 must use the Nature/Soft Occlusion shader. Otherwise billboarding/lighting will not work correctly.
The tree Tree Type1 04 must use the Nature/Soft Occlusion shader. Otherwise billboarding/lighting will not work correctly.
The tree Tree Type2 01 must use the Nature/Soft Occlusion shader. Otherwise billboarding/lighting will not work correctly.
The tree Tree Type6 04 must use the Nature/Soft Occlusion shader. Otherwise billboarding/lighting will not work correctly.
The tree Tree Type6 03 must use the Nature/Soft Occlusion shader. Otherwise billboarding/lighting will not work correctly.
The tree Tree Type6 02 must use the Nature/Soft Occlusion shader. Otherwise billboarding/lighting will not work correctly.
The tree Tree Type5 04 must use the Nature/Soft Occlusion shader. Otherwise billboarding/lighting will not work correctly.
The tree Tree Type5 03 must use the Nature/Soft Occlusion shader. Otherwise billboarding/lighting will not work correctly.
The tree Tree Type5 02 must use the Nature/Soft Occlusion shader. Otherwise billboarding/lighting will not work correctly.
The tree Tree Type0 06 must use the Nature/Soft Occlusion shader. Otherwise billboarding/lighting will not work correctly.
 -> (artifact id: '62f525db96f58fab73d077c2fbe8165c') in 0.092284 seconds
Number of updated asset objects reloaded before import = 0
Number of asset objects unloaded after import = 83
========================================================================
Received Import Request.
  Time since last request: 2.588789 seconds.
  path: Assets/Stylized NPC - Peasant Nolant
  artifactKey: Guid(9f963a6e4b9fb134b9b6aa872ad41e85) Importer(815301076,1909f56bfc062723c751e8b465ee728b)
Start importing Assets/Stylized NPC - Peasant Nolant using Guid(9f963a6e4b9fb134b9b6aa872ad41e85) Importer(815301076,1909f56bfc062723c751e8b465ee728b)  -> (artifact id: 'e327541966efe59836e2796ad2a69a6b') in 0.000538 seconds
Number of updated asset objects reloaded before import = 0
Number of asset objects unloaded after import = 0
========================================================================
Received Import Request.
  Time since last request: 2.134934 seconds.
  path: Assets/Stylized NPC - Peasant Nolant/Models
  artifactKey: Guid(15aedf4487246c841a296a4a9261b852) Importer(815301076,1909f56bfc062723c751e8b465ee728b)
Start importing Assets/Stylized NPC - Peasant Nolant/Models using Guid(15aedf4487246c841a296a4a9261b852) Importer(815301076,1909f56bfc062723c751e8b465ee728b)  -> (artifact id: '5acf33f8df391e837e7ce682b80a7ffe') in 0.000367 seconds
Number of updated asset objects reloaded before import = 0
Number of asset objects unloaded after import = 0
========================================================================
Received Import Request.
  Time since last request: 0.061433 seconds.
  path: Assets/Stylized NPC - Peasant Nolant/Models/Peasant Nolant(Free Version).fbx
  artifactKey: Guid(de76d67d0ab88dc439b10b32370775ea) Importer(815301076,1909f56bfc062723c751e8b465ee728b)
Start importing Assets/Stylized NPC - Peasant Nolant/Models/Peasant Nolant(Free Version).fbx using Guid(de76d67d0ab88dc439b10b32370775ea) Importer(815301076,1909f56bfc062723c751e8b465ee728b)  -> (artifact id: 'ff6595d027b169928c7614557720f3e4') in 0.127347 seconds
Number of updated asset objects reloaded before import = 0
Number of asset objects unloaded after import = 108
========================================================================
Received Import Request.
  Time since last request: 22.463969 seconds.
  path: Assets/Stylized NPC - Peasant Nolant/Animator
  artifactKey: Guid(d4d165f7b06726443ab539ab907e3924) Importer(815301076,1909f56bfc062723c751e8b465ee728b)
Start importing Assets/Stylized NPC - Peasant Nolant/Animator using Guid(d4d165f7b06726443ab539ab907e3924) Importer(815301076,1909f56bfc062723c751e8b465ee728b)  -> (artifact id: '544ad8c3f6edf4635646a00648d2c11e') in 0.000547 seconds
Number of updated asset objects reloaded before import = 0
Number of asset objects unloaded after import = 0
========================================================================
Received Import Request.
  Time since last request: 2.319173 seconds.
  path: Assets/Stylized NPC - Peasant Nolant/Demo
  artifactKey: Guid(15e7ccf69b7443e49848e9d0b1ee7989) Importer(815301076,1909f56bfc062723c751e8b465ee728b)
Start importing Assets/Stylized NPC - Peasant Nolant/Demo using Guid(15e7ccf69b7443e49848e9d0b1ee7989) Importer(815301076,1909f56bfc062723c751e8b465ee728b)  -> (artifact id: '768d4b2f0daac0eb903f981319e139bd') in 0.000418 seconds
Number of updated asset objects reloaded before import = 0
Number of asset objects unloaded after import = 0
========================================================================
Received Import Request.
  Time since last request: 1.991988 seconds.
  path: Assets/Stylized NPC - Peasant Nolant/Demo/Demo.unity
  artifactKey: Guid(5492b3f92fe2ca54fb93c4b87d2eca56) Importer(815301076,1909f56bfc062723c751e8b465ee728b)
Start importing Assets/Stylized NPC - Peasant Nolant/Demo/Demo.unity using Guid(5492b3f92fe2ca54fb93c4b87d2eca56) Importer(815301076,1909f56bfc062723c751e8b465ee728b)  -> (artifact id: '8a1e0d8a670e0db7d1a795e5ee699290') in 0.000449 seconds
Number of updated asset objects reloaded before import = 0
Number of asset objects unloaded after import = 0
========================================================================
Received Import Request.
  Time since last request: 3.630609 seconds.
  path: Assets/Stylized NPC - Peasant Nolant/Materials
  artifactKey: Guid(450b7235dd9f1184eb152153aa9342b2) Importer(815301076,1909f56bfc062723c751e8b465ee728b)
Start importing Assets/Stylized NPC - Peasant Nolant/Materials using Guid(450b7235dd9f1184eb152153aa9342b2) Importer(815301076,1909f56bfc062723c751e8b465ee728b)  -> (artifact id: 'a635d995ec3bb4dd1ea0dedd2627ce23') in 0.000381 seconds
Number of updated asset objects reloaded before import = 0
Number of asset objects unloaded after import = 0
========================================================================
Received Import Request.
  Time since last request: 0.075712 seconds.
  path: Assets/Stylized NPC - Peasant Nolant/Materials/Peasant Nolant Blue.mat
  artifactKey: Guid(c0eef74a623ce29459e6b936afe3c76a) Importer(815301076,1909f56bfc062723c751e8b465ee728b)
Start importing Assets/Stylized NPC - Peasant Nolant/Materials/Peasant Nolant Blue.mat using Guid(c0eef74a623ce29459e6b936afe3c76a) Importer(815301076,1909f56bfc062723c751e8b465ee728b)  -> (artifact id: '5cf45d57f2cf62ca8c98cec70509c97a') in 0.015327 seconds
Number of updated asset objects reloaded before import = 0
Number of asset objects unloaded after import = 2
========================================================================
Received Import Request.
  Time since last request: 0.000298 seconds.
  path: Assets/Stylized NPC - Peasant Nolant/Materials/Peasant Nolant Yellow.mat
  artifactKey: Guid(b5588b6e42615a54586d7cf12825dcd8) Importer(815301076,1909f56bfc062723c751e8b465ee728b)
Start importing Assets/Stylized NPC - Peasant Nolant/Materials/Peasant Nolant Yellow.mat using Guid(b5588b6e42615a54586d7cf12825dcd8) Importer(815301076,1909f56bfc062723c751e8b465ee728b)  -> (artifact id: '21ff401693816df891ceeb0185e21879') in 0.016827 seconds
Number of updated asset objects reloaded before import = 0
Number of asset objects unloaded after import = 2
========================================================================
Received Import Request.
  Time since last request: 0.000289 seconds.
  path: Assets/Stylized NPC - Peasant Nolant/Materials/Peasant Nolant Green.mat
  artifactKey: Guid(47ce78e26e0d0aa46a3873d869b96031) Importer(815301076,1909f56bfc062723c751e8b465ee728b)
Start importing Assets/Stylized NPC - Peasant Nolant/Materials/Peasant Nolant Green.mat using Guid(47ce78e26e0d0aa46a3873d869b96031) Importer(815301076,1909f56bfc062723c751e8b465ee728b)  -> (artifact id: '2961d6f089d0fd263b1dab8e3f935579') in 0.015925 seconds
Number of updated asset objects reloaded before import = 0
Number of asset objects unloaded after import = 2
========================================================================
Received Import Request.
  Time since last request: 5.426074 seconds.
  path: Assets/Stylized NPC - Peasant Nolant/Prefabs
  artifactKey: Guid(c1e92b359d55e9e409a9930f4385bc21) Importer(815301076,1909f56bfc062723c751e8b465ee728b)
Start importing Assets/Stylized NPC - Peasant Nolant/Prefabs using Guid(c1e92b359d55e9e409a9930f4385bc21) Importer(815301076,1909f56bfc062723c751e8b465ee728b)  -> (artifact id: '409142df20d05e66fb835c42b627b462') in 0.000456 seconds
Number of updated asset objects reloaded before import = 0
Number of asset objects unloaded after import = 0
========================================================================
Received Import Request.
  Time since last request: 0.074205 seconds.
  path: Assets/Stylized NPC - Peasant Nolant/Prefabs/Peasant Nolant Blue(Free Version).prefab
  artifactKey: Guid(64db8d48fab1ceb43a8ee5d52643029a) Importer(815301076,1909f56bfc062723c751e8b465ee728b)
Start importing Assets/Stylized NPC - Peasant Nolant/Prefabs/Peasant Nolant Blue(Free Version).prefab using Guid(64db8d48fab1ceb43a8ee5d52643029a) Importer(815301076,1909f56bfc062723c751e8b465ee728b)  -> (artifact id: '3f4cbda52ba9ed4dc3aefb615b984fd6') in 0.024391 seconds
Number of updated asset objects reloaded before import = 0
Number of asset objects unloaded after import = 114
========================================================================
Received Import Request.
  Time since last request: 0.000064 seconds.
  path: Assets/Stylized NPC - Peasant Nolant/Prefabs/Peasant Nolant Green(Free Version).prefab
  artifactKey: Guid(7d67ac5cfda0b944580afbed7561ec82) Importer(815301076,1909f56bfc062723c751e8b465ee728b)
Start importing Assets/Stylized NPC - Peasant Nolant/Prefabs/Peasant Nolant Green(Free Version).prefab using Guid(7d67ac5cfda0b944580afbed7561ec82) Importer(815301076,1909f56bfc062723c751e8b465ee728b)  -> (artifact id: '1d1df658d049293982a18df0c6fe2120') in 0.034930 seconds
Number of updated asset objects reloaded before import = 0
Number of asset objects unloaded after import = 114
